Repo waingapu tercolong jam 2021-12-13 18:11:50.582872
Repo waingapu tercolong jam 2021-12-13 18:12:55.468435
Repo sanglah tercolong jam 2021-12-13 18:14:37.826221
Repo balai_3_bali tercolong jam 2021-12-13 18:15:21.312924
Repo mataram tercolong jam 2021-12-13 18:17:30.246426
Repo waingapu tercolong jam 2021-12-13 18:18:10.783650
Repo waingapu tercolong jam 2021-12-13 18:18:27.634317
Repo waingapu tercolong jam 2021-12-13 18:19:39.722905
Repo sanglah tercolong jam 2021-12-13 18:47:06.845435
Repo mataram tercolong jam 2021-12-13 18:49:06.110965
Repo balai_3_bali tercolong jam 2021-12-13 18:50:39.125971
Repo regional_ambon tercolong jam 2021-12-13 20:19:44.744451
Repo balai_2_ciputat tercolong jam 2021-12-13 20:27:46.139100
Repo bandung tercolong jam 2021-12-13 20:29:18.045444
Repo tangerang tercolong jam 2021-12-13 20:30:07.689602
Repo kotabumi tercolong jam 2021-12-13 20:33:03.564703
Repo balai_3_bali tercolong jam 2021-12-13 21:09:24.423134
Repo sanglah tercolong jam 2021-12-13 21:10:06.675306
Repo mataram tercolong jam 2021-12-13 21:10:07.791021
Repo balai_1_medan tercolong jam 2021-12-13 21:12:02.414187
Repo tretes tercolong jam 2021-12-13 21:15:43.442222
Repo balai_3_bali tercolong jam 2021-12-14 02:27:08.194617
Repo regional_padang tercolong jam 2021-12-14 02:27:08.593557
Repo regional_yogya tercolong jam 2021-12-14 02:27:08.682560
Repo regional_ambon tercolong jam 2021-12-14 02:27:08.991279
Repo sanglah tercolong jam 2021-12-14 02:27:09.166355
Repo mataram tercolong jam 2021-12-14 02:27:09.253334
Repo tretes tercolong jam 2021-12-14 02:27:09.345127
Repo aceh tercolong jam 2021-12-14 02:27:10.246316
Repo tuntungan tercolong jam 2021-12-14 02:27:10.334550
Repo tapaktuan tercolong jam 2021-12-14 02:27:10.421414
Repo gsitoli tercolong jam 2021-12-14 02:27:11.068645
Repo regional_ambon tercolong jam 2021-12-14 02:54:59.920010
Repo balai_3_bali tercolong jam 2021-12-14 03:15:04.596630
Repo waingapu tercolong jam 2021-12-14 03:17:40.577960
Repo sanglah tercolong jam 2021-12-14 03:21:33.830581
Repo balai_3_bali tercolong jam 2021-12-14 03:28:55.382616
Repo balai_3_bali tercolong jam 2021-12-14 03:31:03.088720
Repo balai_3_bali tercolong jam 2021-12-14 03:32:47.923083
Repo sanglah tercolong jam 2021-12-14 03:36:07.786639
Repo regional_padang tercolong jam 2021-12-14 03:37:30.076856
Repo kepahiang tercolong jam 2021-12-14 03:48:53.476085
Repo balai_3_bali tercolong jam 2021-12-14 04:40:00.127925
Repo balai_3_bali tercolong jam 2021-12-14 04:51:57.525634
Repo regional_ambon tercolong jam 2021-12-14 05:13:30.415005
Repo balai_4_makassar tercolong jam 2021-12-14 05:19:29.577700
Repo sorong tercolong jam 2021-12-14 05:22:21.359699
Repo regional_manado tercolong jam 2021-12-14 05:24:18.626758
Repo balai_3_bali tercolong jam 2021-12-14 06:48:08.349443
Repo mataram tercolong jam 2021-12-14 06:50:03.268819
Repo waingapu tercolong jam 2021-12-14 06:50:56.419628
Repo sanglah tercolong jam 2021-12-14 06:50:56.506331
Repo waingapu tercolong jam 2021-12-14 06:52:14.635058
Repo balai_3_bali tercolong jam 2021-12-14 07:24:15.610542
Repo mataram tercolong jam 2021-12-14 07:25:35.092508
Repo mataram tercolong jam 2021-12-14 07:26:31.999267
Repo sanglah tercolong jam 2021-12-14 07:27:52.480617
Repo balai_3_bali tercolong jam 2021-12-14 08:09:03.458038
Repo waingapu tercolong jam 2021-12-14 08:11:35.372884
Repo sanglah tercolong jam 2021-12-14 08:12:02.637435
Repo balai_3_bali tercolong jam 2021-12-14 08:40:05.237463
Repo mataram tercolong jam 2021-12-14 08:42:12.152790
Repo sanglah tercolong jam 2021-12-14 08:42:25.542673
Repo waingapu tercolong jam 2021-12-14 08:42:52.739118
Repo regional_kupang tercolong jam 2021-12-14 08:55:13.350163
Repo balai_3_bali tercolong jam 2021-12-14 09:08:15.419701
Repo waingapu tercolong jam 2021-12-14 09:10:32.553903
Repo sanglah tercolong jam 2021-12-14 09:10:32.641315
Repo waingapu tercolong jam 2021-12-14 09:11:29.121476
Repo balai_3_bali tercolong jam 2021-12-14 09:13:03.256970
Repo waingapu tercolong jam 2021-12-14 09:15:24.871283
Repo sanglah tercolong jam 2021-12-14 09:15:39.063823
Repo regional_yogya tercolong jam 2021-12-14 09:20:04.134166
Repo tretes tercolong jam 2021-12-14 09:25:20.640365
Repo balai_3_bali tercolong jam 2021-12-14 09:45:33.560886
Repo sanglah tercolong jam 2021-12-14 09:49:30.527098
Repo balai_3_bali tercolong jam 2021-12-14 10:01:48.541077
Repo sanglah tercolong jam 2021-12-14 10:03:16.775120
Repo tretes tercolong jam 2021-12-14 10:06:32.352261
Repo balai_3_bali tercolong jam 2021-12-14 10:06:44.726741
Repo sanglah tercolong jam 2021-12-14 10:08:42.705822
Repo waingapu tercolong jam 2021-12-14 10:10:26.025683

Repo mataram tercolong jam 2021-12-14 10:20:34.068630
Repo balai_3_bali tercolong jam 2021-12-14 10:21:33.725694
Repo sanglah tercolong jam 2021-12-14 10:23:48.249922
Repo gowa tercolong jam 2021-12-14 10:24:46.135235
Repo regional_manado tercolong jam 2021-12-14 10:29:54.904879
Repo balai_3_bali tercolong jam 2021-12-14 11:04:30.850410
Repo mataram tercolong jam 2021-12-14 11:06:20.508309
Repo sanglah tercolong jam 2021-12-14 11:06:43.504232
Repo mataram tercolong jam 2021-12-14 11:07:44.709873
Repo mataram tercolong jam 2021-12-14 11:09:09.671325
Repo mataram tercolong jam 2021-12-14 11:10:43.245054
Repo balai_3_bali tercolong jam 2021-12-14 11:10:58.251864
Repo sanglah tercolong jam 2021-12-14 11:11:14.690951
Repo regional_kupang tercolong jam 2021-12-14 11:17:49.347848
Repo mataram tercolong jam 2021-12-14 11:18:10.947027
Repo balai_3_bali tercolong jam 2021-12-14 11:18:27.438723
Repo bmkg_pusat tercolong jam 2021-12-14 11:18:42.719664
Repo sanglah tercolong jam 2021-12-14 11:19:03.553826
Repo mataram tercolong jam 2021-12-14 11:19:03.704989
Repo gowa tercolong jam 2021-12-14 11:20:59.526273
Repo regional_kupang tercolong jam 2021-12-14 11:23:23.341136
Repo regional_kupang tercolong jam 2021-12-14 11:24:11.392826
Repo bmkg_pusat tercolong jam 2021-12-14 11:24:38.504785
Repo balai_3_bali tercolong jam 2021-12-14 11:24:38.823865
Repo gowa tercolong jam 2021-12-14 11:25:40.786387
Repo bmkg_pusat tercolong jam 2021-12-14 11:31:03.639420
Repo regional_manado tercolong jam 2021-12-14 11:32:25.595812
Repo alor tercolong jam 2021-12-14 11:39:41.875118
Repo bmkg_pusat tercolong jam 2021-12-14 11:40:10.037605
Repo bmkg_pusat tercolong jam 2021-12-14 13:19:56.044995
Repo balai_3_bali tercolong jam 2021-12-14 13:19:56.247826
Repo balai_4_makassar tercolong jam 2021-12-14 13:19:56.771978
Repo regional_padang tercolong jam 2021-12-14 13:19:56.977794
Repo regional_kupang tercolong jam 2021-12-14 13:19:57.187667
Repo waingapu tercolong jam 2021-12-14 13:19:57.966087
Repo sanglah tercolong jam 2021-12-14 13:19:58.069895
Repo mataram tercolong jam 2021-12-14 13:19:58.176556
Repo alor tercolong jam 2021-12-14 13:20:00.768351
Repo balai_3_bali tercolong jam 2021-12-14 13:21:44.428303
Repo sanglah tercolong jam 2021-12-14 13:22:15.540826
Repo alor tercolong jam 2021-12-14 13:22:17.134524
Repo waingapu tercolong jam 2021-12-14 13:23:42.066843
Repo balai_3_bali tercolong jam 2021-12-14 13:25:14.494153
Repo waingapu tercolong jam 2021-12-14 13:25:53.679854
Repo sanglah tercolong jam 2021-12-14 13:26:10.451992
Repo balai_3_bali tercolong jam 2021-12-14 13:27:15.437923
Repo waingapu tercolong jam 2021-12-14 13:27:32.646573
Repo alor tercolong jam 2021-12-14 13:27:50.008801
Repo regional_kupang tercolong jam 2021-12-14 13:28:22.971615
Repo sanglah tercolong jam 2021-12-14 13:28:41.526705
Repo balai_3_bali tercolong jam 2021-12-14 13:28:56.844224
Repo balai_4_makassar tercolong jam 2021-12-14 13:31:52.781202
Repo sanglah tercolong jam 2021-12-14 13:32:18.724931
Repo balai_3_bali tercolong jam 2021-12-14 13:32:44.521304
Repo balai_3_bali tercolong jam 2021-12-14 13:35:35.322869
Repo balai_4_makassar tercolong jam 2021-12-14 13:35:35.575905
Repo regional_kupang tercolong jam 2021-12-14 13:36:01.184291
Repo balai_3_bali tercolong jam 2021-12-14 13:37:02.531161
Repo sanglah tercolong jam 2021-12-14 13:37:34.093752
Repo balai_3_bali tercolong jam 2021-12-14 13:38:59.026261
Repo balai_3_bali tercolong jam 2021-12-14 13:41:41.791339
Repo sanglah tercolong jam 2021-12-14 13:41:44.588185
Repo balai_3_bali tercolong jam 2021-12-14 13:44:16.308045
Repo sanglah tercolong jam 2021-12-14 13:44:17.836060
Repo balai_3_bali tercolong jam 2021-12-14 13:46:49.431134
Repo sanglah tercolong jam 2021-12-14 13:47:35.942009
Repo balai_3_bali tercolong jam 2021-12-14 13:48:15.957617
Repo regional_kupang tercolong jam 2021-12-14 13:48:16.692185
Repo balai_4_makassar tercolong jam 2021-12-14 13:49:24.925525
Repo sanglah tercolong jam 2021-12-14 13:50:30.989784
Repo alor tercolong jam 2021-12-14 13:50:32.102890
Repo balai_3_bali tercolong jam 2021-12-14 13:50:45.358401
Repo regional_kupang tercolong jam 2021-12-14 13:50:46.127256
Repo regional_manado tercolong jam 2021-12-14 13:50:46.235353
Repo balai_3_bali tercolong jam 2021-12-14 13:51:17.555543
Repo balai_5_papua tercolong jam 2021-12-14 13:51:19.291751
Repo balai_3_bali tercolong jam 2021-12-14 13:52:51.807645
Repo balai_4_makassar tercolong jam 2021-12-14 13:54:33.006852
Repo regional_kupang tercolong jam 2021-12-14 13:59:48.644998
Repo sanglah tercolong jam 2021-12-14 14:00:27.326575
Repo balai_3_bali tercolong jam 2021-12-14 14:01:33.722704
Repo balai_4_makassar tercolong jam 2021-12-14 14:04:12.282145
Repo sanglah tercolong jam 2021-12-14 14:07:59.783536
Repo balai_3_bali tercolong jam 2021-12-14 14:09:32.267980
Repo sanglah tercolong jam 2021-12-14 14:12:39.952573
Repo mataram tercolong jam 2021-12-14 14:13:17.040621
Repo balai_3_bali tercolong jam 2021-12-14 14:13:53.840308
Repo sanglah tercolong jam 2021-12-14 14:18:47.949513
Repo balai_4_makassar tercolong jam 2021-12-14 14:19:05.717907
Repo alor tercolong jam 2021-12-14 14:19:08.592451
Repo sanglah tercolong jam 2021-12-14 14:20:05.992738
Repo balai_3_bali tercolong jam 2021-12-14 14:21:41.201904
Repo sanglah tercolong jam 2021-12-14 14:22:09.367789
Repo balai_3_bali tercolong jam 2021-12-14 14:23:25.343847
Repo balai_3_bali tercolong jam 2021-12-14 14:23:54.255071
Repo sanglah tercolong jam 2021-12-14 14:24:46.470878
Repo sanglah tercolong jam 2021-12-14 14:26:48.446571
Repo balai_3_bali tercolong jam 2021-12-14 14:27:03.532533
Repo balai_4_makassar tercolong jam 2021-12-14 14:30:02.519419
Repo balai_3_bali tercolong jam 2021-12-14 14:31:20.209527
Repo sanglah tercolong jam 2021-12-14 14:33:18.775732
Repo balai_4_makassar tercolong jam 2021-12-14 14:36:10.772268
Repo sanglah tercolong jam 2021-12-14 14:36:28.420841
Repo mataram tercolong jam 2021-12-14 14:36:28.826183
Repo balai_3_bali tercolong jam 2021-12-14 14:36:44.698734
Repo balai_3_bali tercolong jam 2021-12-14 14:37:17.392150
Repo mataram tercolong jam 2021-12-14 14:37:20.692012
Repo sanglah tercolong jam 2021-12-14 14:38:12.577701
Repo mataram tercolong jam 2021-12-14 14:38:12.677168
Repo balai_4_makassar tercolong jam 2021-12-14 14:38:48.412257
Repo alor tercolong jam 2021-12-14 14:39:36.172387
Repo balai_3_bali tercolong jam 2021-12-14 14:39:54.368035
Repo sanglah tercolong jam 2021-12-14 14:40:23.590295
Repo balai_3_bali tercolong jam 2021-12-14 15:29:57.428020
Repo balai_4_makassar tercolong jam 2021-12-14 15:29:57.731051
Repo regional_kupang tercolong jam 2021-12-14 15:29:58.147800
Repo sanglah tercolong jam 2021-12-14 15:29:59.645911
Repo alor tercolong jam 2021-12-14 15:31:15.477925
Repo balai_3_bali tercolong jam 2021-12-14 15:34:17.283988
Repo sanglah tercolong jam 2021-12-14 15:34:50.136570
Repo alor tercolong jam 2021-12-14 15:36:12.262168
Repo balai_3_bali tercolong jam 2021-12-14 15:36:45.690367
Repo sanglah tercolong jam 2021-12-14 15:36:49.286584
Repo alor tercolong jam 2021-12-14 15:40:44.261932
Repo balai_3_bali tercolong jam 2021-12-14 15:44:28.262588
Repo sanglah tercolong jam 2021-12-14 15:45:08.947115
Repo balai_3_bali tercolong jam 2021-12-14 15:45:55.769206
Repo sanglah tercolong jam 2021-12-14 15:47:31.487058
Repo mataram tercolong jam 2021-12-14 15:47:31.593946
Repo balai_3_bali tercolong jam 2021-12-14 15:48:13.331372
Repo sanglah tercolong jam 2021-12-14 15:48:33.481394
Repo gowa tercolong jam 2021-12-14 15:49:59.480990
Repo balai_4_makassar tercolong jam 2021-12-14 15:50:13.473526
Repo sanglah tercolong jam 2021-12-14 15:52:49.303483
Repo balai_3_bali tercolong jam 2021-12-14 15:53:34.554650
Repo gowa tercolong jam 2021-12-14 15:54:57.629175
Repo sanglah tercolong jam 2021-12-14 15:56:03.823510
Repo mataram tercolong jam 2021-12-14 15:56:18.875230
Repo balai_4_makassar tercolong jam 2021-12-14 15:57:02.784271
Repo balai_3_bali tercolong jam 2021-12-14 15:58:26.619064
Repo sanglah tercolong jam 2021-12-14 16:00:07.258598
Repo balai_3_bali tercolong jam 2021-12-14 16:01:49.133498
Repo sanglah tercolong jam 2021-12-14 16:01:51.309422
Repo balai_3_bali tercolong jam 2021-12-14 16:02:05.112258
Repo balai_3_bali tercolong jam 2021-12-14 16:05:03.035194
Repo sanglah tercolong jam 2021-12-14 16:05:05.510520
Repo mataram tercolong jam 2021-12-14 16:05:05.885059
Repo balai_4_makassar tercolong jam 2021-12-14 16:10:04.006248
Repo balai_4_makassar tercolong jam 2021-12-14 16:13:28.757367
Repo balai_3_bali tercolong jam 2021-12-14 16:15:41.303474
Repo sanglah tercolong jam 2021-12-14 16:17:34.546785
Repo alor tercolong jam 2021-12-14 16:19:29.959664
Repo balai_4_makassar tercolong jam 2021-12-14 16:21:13.578167
Repo sanglah tercolong jam 2021-12-14 16:26:51.555369
Repo sanglah tercolong jam 2021-12-14 16:29:06.979867
Repo regional_kupang tercolong jam 2021-12-14 16:30:11.271302
Repo regional_kupang tercolong jam 2021-12-14 16:30:30.489456
Repo regional_kupang tercolong jam 2021-12-14 16:31:08.648772
Repo bmkg_pusat tercolong jam 2021-12-14 16:34:09.092890
Repo balai_3_bali tercolong jam 2021-12-14 16:34:27.733846
Repo balai_3_bali tercolong jam 2021-12-14 16:36:24.873136
Repo sanglah tercolong jam 2021-12-14 16:36:41.276448
Repo aceh tercolong jam 2021-12-14 16:38:07.564041
Repo sanglah tercolong jam 2021-12-14 16:42:09.988367
Repo balai_3_bali tercolong jam 2021-12-14 16:42:37.548580
Repo alor tercolong jam 2021-12-14 16:43:36.161081
Repo sanglah tercolong jam 2021-12-14 16:46:03.890505
Repo balai_2_ciputat tercolong jam 2021-12-14 16:48:47.553114
Repo balai_3_bali tercolong jam 2021-12-14 16:49:19.713933
Repo alor tercolong jam 2021-12-14 16:51:10.313486
Repo balai_3_bali tercolong jam 2021-12-14 16:51:24.529355
Repo sanglah tercolong jam 2021-12-14 16:52:22.662323
Repo balai_4_makassar tercolong jam 2021-12-14 16:52:53.362883
Repo balai_2_ciputat tercolong jam 2021-12-14 16:54:34.829492
Repo balai_3_bali tercolong jam 2021-12-14 16:55:04.105340
Repo sanglah tercolong jam 2021-12-14 16:55:24.162453
Repo kotabumi tercolong jam 2021-12-14 16:58:11.115651
Repo balai_3_bali tercolong jam 2021-12-14 16:58:37.873206
Repo bandung tercolong jam 2021-12-14 16:58:39.953291
Repo balai_3_bali tercolong jam 2021-12-14 16:59:49.878449
Repo tangerang tercolong jam 2021-12-14 17:00:06.024731
Repo sanglah tercolong jam 2021-12-14 17:01:37.461905
Repo bmkg_pusat tercolong jam 2021-12-14 17:01:49.900357
Repo balai_2_ciputat tercolong jam 2021-12-14 17:02:32.647060
Repo balai_4_makassar tercolong jam 2021-12-14 17:02:46.358808
Repo kotabumi tercolong jam 2021-12-14 17:03:42.861886
Repo balai_3_bali tercolong jam 2021-12-14 17:03:54.764755
Repo balai_2_ciputat tercolong jam 2021-12-14 17:05:33.404397
Repo balai_2_ciputat tercolong jam 2021-12-14 17:05:47.102055
Repo kepahiang tercolong jam 2021-12-14 17:06:44.496860
Repo balai_3_bali tercolong jam 2021-12-14 17:07:24.867529
Repo sanglah tercolong jam 2021-12-14 17:08:36.045725
Repo kepahiang tercolong jam 2021-12-14 17:08:51.305016
Repo kotabumi tercolong jam 2021-12-14 17:10:43.389938
Repo balai_2_ciputat tercolong jam 2021-12-14 17:10:55.228739
Repo kotabumi tercolong jam 2021-12-14 17:14:52.430020
Repo tuntungan tercolong jam 2021-12-14 17:15:33.789212
Repo balai_3_bali tercolong jam 2021-12-14 17:16:53.196363
Repo balai_2_ciputat tercolong jam 2021-12-14 17:20:05.353305
Repo sanglah tercolong jam 2021-12-14 17:20:06.371979
Repo kepahiang tercolong jam 2021-12-14 17:22:41.831954
Repo balai_3_bali tercolong jam 2021-12-14 17:23:57.521289
Repo kepahiang tercolong jam 2021-12-14 17:23:59.502291
Repo sanglah tercolong jam 2021-12-14 17:25:36.636491
Repo balai_3_bali tercolong jam 2021-12-14 17:26:44.138022
Repo kotabumi tercolong jam 2021-12-14 17:29:58.751550
Repo balai_3_bali tercolong jam 2021-12-14 17:30:39.707506
Repo sanglah tercolong jam 2021-12-14 17:30:54.681821
Repo balai_4_makassar tercolong jam 2021-12-14 17:32:33.756437
Repo balai_3_bali tercolong jam 2021-12-14 17:36:53.690640
Repo balai_4_makassar tercolong jam 2021-12-14 17:38:19.087413
Repo sanglah tercolong jam 2021-12-14 17:38:20.027015
Repo balai_1_medan tercolong jam 2021-12-14 17:40:26.685439
Repo balai_3_bali tercolong jam 2021-12-14 17:40:26.831353
Repo balai_4_makassar tercolong jam 2021-12-14 17:41:08.177763
Repo sanglah tercolong jam 2021-12-14 17:41:22.745484
Repo sorong tercolong jam 2021-12-14 17:45:19.020578
Repo balai_3_bali tercolong jam 2021-12-14 17:45:43.981026
Repo balai_4_makassar tercolong jam 2021-12-14 17:45:44.168607
Repo sanglah tercolong jam 2021-12-14 17:46:11.851142
Repo balai_3_bali tercolong jam 2021-12-14 17:47:58.964594
Repo tapaktuan tercolong jam 2021-12-14 17:48:14.654968
Repo sanglah tercolong jam 2021-12-14 17:48:41.157099
Repo balai_3_bali tercolong jam 2021-12-14 17:49:20.467919
Repo sanglah tercolong jam 2021-12-14 17:50:11.754565
Repo balai_5_papua tercolong jam 2021-12-14 17:52:11.875577
Repo balai_3_bali tercolong jam 2021-12-14 17:53:32.549456
Repo balai_2_ciputat tercolong jam 2021-12-14 17:54:26.355089
Repo sanglah tercolong jam 2021-12-14 17:54:27.264847
Repo balai_3_bali tercolong jam 2021-12-14 17:55:47.163287
Repo sanglah tercolong jam 2021-12-14 17:56:41.836422
Repo sanglah tercolong jam 2021-12-14 17:57:49.502664
Repo balai_3_bali tercolong jam 2021-12-14 17:58:01.938251
Repo kepahiang tercolong jam 2021-12-14 17:58:03.792606
Repo bandung tercolong jam 2021-12-14 17:58:17.326832
Repo tangerang tercolong jam 2021-12-14 17:58:57.728293
Repo balai_3_bali tercolong jam 2021-12-14 18:01:11.236983
Repo sanglah tercolong jam 2021-12-14 18:03:29.738713
Repo sanglah tercolong jam 2021-12-14 18:06:25.437115
Repo balai_3_bali tercolong jam 2021-12-14 18:06:37.849241
Repo balai_4_makassar tercolong jam 2021-12-14 18:07:18.304079
Repo balai_3_bali tercolong jam 2021-12-14 18:09:32.397794
Repo sanglah tercolong jam 2021-12-14 18:11:21.856665
Repo balai_3_bali tercolong jam 2021-12-14 18:12:41.955531
Repo balai_4_makassar tercolong jam 2021-12-14 18:13:09.230663
Repo sanglah tercolong jam 2021-12-14 18:13:11.106646
Repo balai_3_bali tercolong jam 2021-12-14 18:14:18.863341
Repo regional_kupang tercolong jam 2021-12-14 18:15:14.055993
Repo balai_3_bali tercolong jam 2021-12-14 18:17:32.072568
Repo balai_4_makassar tercolong jam 2021-12-14 18:17:45.909882
Repo regional_kupang tercolong jam 2021-12-14 18:18:43.017641
Repo balai_4_makassar tercolong jam 2021-12-14 18:19:10.055596
Repo sanglah tercolong jam 2021-12-14 18:19:26.931884
Repo gowa tercolong jam 2021-12-14 18:19:41.789470
Repo balai_3_bali tercolong jam 2021-12-14 18:20:56.012158
Repo angkasa tercolong jam 2021-12-14 18:23:30.038729
Repo balai_3_bali tercolong jam 2021-12-14 18:26:12.442837
Repo sanglah tercolong jam 2021-12-14 18:27:31.887570
Repo balai_3_bali tercolong jam 2021-12-14 18:30:04.793288
Repo sanglah tercolong jam 2021-12-14 18:30:29.360651
Repo balai_3_bali tercolong jam 2021-12-14 18:32:22.904030
Repo regional_kupang tercolong jam 2021-12-14 18:32:42.080557
Repo sanglah tercolong jam 2021-12-14 18:33:04.099896
Repo mataram tercolong jam 2021-12-14 18:33:51.146785
Repo regional_kupang tercolong jam 2021-12-14 18:35:00.873248
Repo balai_3_bali tercolong jam 2021-12-14 18:37:22.977159
Repo balai_4_makassar tercolong jam 2021-12-14 18:37:56.087252
Repo sanglah tercolong jam 2021-12-14 18:37:57.017730
Repo balai_4_makassar tercolong jam 2021-12-14 18:40:12.053880
Repo balai_5_papua tercolong jam 2021-12-14 18:42:40.157238
Repo balai_4_makassar tercolong jam 2021-12-14 18:43:56.267407
Repo regional_kupang tercolong jam 2021-12-14 18:44:13.278414
Repo balai_3_bali tercolong jam 2021-12-14 18:44:27.878290
Repo gowa tercolong jam 2021-12-14 18:45:52.632708
Repo regional_kupang tercolong jam 2021-12-14 18:46:47.180345
Repo balai_3_bali tercolong jam 2021-12-14 18:47:37.378063
Repo sanglah tercolong jam 2021-12-14 18:47:59.471845
Repo sanglah tercolong jam 2021-12-14 18:48:37.275678
Repo balai_3_bali tercolong jam 2021-12-14 18:49:57.465133
Repo balai_4_makassar tercolong jam 2021-12-14 18:50:57.193310
Repo balai_3_bali tercolong jam 2021-12-14 18:52:11.296348
Repo kotabumi tercolong jam 2021-12-14 18:52:14.261290
Repo balai_4_makassar tercolong jam 2021-12-14 18:53:54.855901
Repo gowa tercolong jam 2021-12-14 18:55:58.658928
Repo balai_4_makassar tercolong jam 2021-12-14 18:56:29.463994
Repo sanglah tercolong jam 2021-12-14 18:56:49.032921
Repo regional_yogya tercolong jam 2021-12-14 18:58:39.907977
Repo regional_kupang tercolong jam 2021-12-14 18:58:40.015006
Repo balai_3_bali tercolong jam 2021-12-14 19:00:40.902863
Repo balai_3_bali tercolong jam 2021-12-14 19:02:13.277452
Repo regional_kupang tercolong jam 2021-12-14 19:03:19.625769
Repo tretes tercolong jam 2021-12-14 19:04:22.564174
Repo balai_3_bali tercolong jam 2021-12-14 19:05:05.228572
Repo sanglah tercolong jam 2021-12-14 19:06:29.035183
Repo sanglah tercolong jam 2021-12-14 19:07:33.995212
Repo balai_3_bali tercolong jam 2021-12-14 19:10:28.170201
Repo sanglah tercolong jam 2021-12-14 19:12:01.470341
Repo balai_3_bali tercolong jam 2021-12-14 19:14:44.771976
Repo balai_3_bali tercolong jam 2021-12-14 19:15:30.992380
Repo balai_3_bali tercolong jam 2021-12-14 19:15:46.874671
Repo regional_kupang tercolong jam 2021-12-14 19:16:22.948323
Repo balai_3_bali tercolong jam 2021-12-14 19:17:43.531255
Repo sanglah tercolong jam 2021-12-14 19:19:34.270098
Repo balai_3_bali tercolong jam 2021-12-14 19:20:04.256071
Repo sanglah tercolong jam 2021-12-14 19:20:38.074908
Repo balai_3_bali tercolong jam 2021-12-14 19:25:29.490545
Repo sanglah tercolong jam 2021-12-14 19:26:29.090089
Repo balai_3_bali tercolong jam 2021-12-14 19:27:42.880650
Repo sanglah tercolong jam 2021-12-14 19:27:59.570983
Repo mataram tercolong jam 2021-12-14 19:32:10.828950
Repo balai_3_bali tercolong jam 2021-12-14 19:37:26.141272
Repo sanglah tercolong jam 2021-12-14 19:37:29.300833
Repo balai_4_makassar tercolong jam 2021-12-14 19:37:46.986019
Repo balai_3_bali tercolong jam 2021-12-14 19:39:03.662951
Repo regional_kupang tercolong jam 2021-12-14 19:39:04.834875
Repo balai_3_bali tercolong jam 2021-12-14 19:39:21.278932
Repo balai_4_makassar tercolong jam 2021-12-14 19:39:56.678613
Repo sanglah tercolong jam 2021-12-14 19:42:03.244959
Repo balai_3_bali tercolong jam 2021-12-14 19:42:18.235913
Repo mataram tercolong jam 2021-12-14 19:44:48.051411
Repo balai_3_bali tercolong jam 2021-12-14 19:50:03.984048
Repo mataram tercolong jam 2021-12-14 19:50:33.249294
Repo balai_3_bali tercolong jam 2021-12-14 19:50:49.026114
Repo regional_kupang tercolong jam 2021-12-14 19:50:54.829043
Repo mataram tercolong jam 2021-12-14 19:52:38.931487
Repo aceh tercolong jam 2021-12-14 19:54:53.863809
Repo regional_kupang tercolong jam 2021-12-14 19:55:08.322128
Repo balai_3_bali tercolong jam 2021-12-14 19:55:35.768415
Repo gowa tercolong jam 2021-12-14 19:55:58.392089
Repo balai_4_makassar tercolong jam 2021-12-14 19:57:04.093876
Repo sanglah tercolong jam 2021-12-14 19:57:58.870382
Repo sanglah tercolong jam 2021-12-14 19:59:16.620601
Repo balai_1_medan tercolong jam 2021-12-14 20:01:19.118252
Repo tuntungan tercolong jam 2021-12-14 20:01:25.968949
Repo tapaktuan tercolong jam 2021-12-14 20:02:45.094917
Repo sanglah tercolong jam 2021-12-14 20:03:46.556306
Repo balai_3_bali tercolong jam 2021-12-14 20:05:25.987907
Repo regional_kupang tercolong jam 2021-12-14 20:05:44.659349
Repo balai_3_bali tercolong jam 2021-12-14 21:43:17.119646
Repo balai_2_ciputat tercolong jam 2021-12-14 21:43:17.224668
Repo balai_4_makassar tercolong jam 2021-12-14 21:43:18.362564
Repo regional_kupang tercolong jam 2021-12-14 21:43:27.427774
Repo regional_manado tercolong jam 2021-12-14 21:43:27.807959
Repo sanglah tercolong jam 2021-12-14 21:43:30.237423
Repo mataram tercolong jam 2021-12-14 21:43:30.400872
Repo gowa tercolong jam 2021-12-14 21:43:31.911289
Repo tangerang tercolong jam 2021-12-14 21:43:40.031908
Repo kotabumi tercolong jam 2021-12-14 21:43:40.196153
Repo kepahiang tercolong jam 2021-12-14 21:43:40.359709
Repo bandung tercolong jam 2021-12-14 21:43:41.028302
Repo sanglah tercolong jam 2021-12-14 21:46:47.045831
Repo sanglah tercolong jam 2021-12-14 21:48:26.943073
Repo balai_3_bali tercolong jam 2021-12-14 21:49:11.182648
Repo regional_kupang tercolong jam 2021-12-14 21:51:17.978460
Repo gowa tercolong jam 2021-12-14 21:52:19.792902
Repo kotabumi tercolong jam 2021-12-14 21:52:21.097092
Repo balai_4_makassar tercolong jam 2021-12-14 21:55:10.528812
Repo balai_3_bali tercolong jam 2021-12-14 22:10:39.498623
Repo regional_kupang tercolong jam 2021-12-14 22:10:41.674980
Repo sanglah tercolong jam 2021-12-14 22:10:46.571873
Repo regional_yogya tercolong jam 2021-12-14 22:11:16.640037
Repo regional_manado tercolong jam 2021-12-14 22:15:31.658276
Repo ternate tercolong jam 2021-12-14 22:16:42.063178
Repo balai_2_ciputat tercolong jam 2021-12-14 22:24:55.351111
Repo sanglah tercolong jam 2021-12-14 22:24:59.231139
Repo sanglah tercolong jam 2021-12-14 22:25:42.753291
Repo kotabumi tercolong jam 2021-12-14 22:25:50.883575
Repo regional_kupang tercolong jam 2021-12-14 22:28:51.999463
Repo kotabumi tercolong jam 2021-12-14 22:28:55.222794
Repo tretes tercolong jam 2021-12-14 22:29:53.311770
Repo balai_3_bali tercolong jam 2021-12-14 22:30:40.787885
Repo balai_3_bali tercolong jam 2021-12-14 22:36:25.563280
Repo sanglah tercolong jam 2021-12-14 22:36:31.870790
Repo kepahiang tercolong jam 2021-12-14 22:37:11.613230
Repo regional_kupang tercolong jam 2021-12-14 22:40:46.146116
Repo sanglah tercolong jam 2021-12-14 22:41:35.161136
Repo balai_3_bali tercolong jam 2021-12-14 22:42:12.677038
Repo sanglah tercolong jam 2021-12-14 22:43:04.215353
Repo balai_3_bali tercolong jam 2021-12-14 22:44:23.299192
Repo regional_kupang tercolong jam 2021-12-14 22:49:16.049090
Repo sorong tercolong jam 2021-12-14 22:54:28.682609
Repo sanglah tercolong jam 2021-12-14 22:58:56.036838
Repo balai_3_bali tercolong jam 2021-12-14 22:59:33.447448
Repo balai_2_ciputat tercolong jam 2021-12-14 23:00:49.896335
Repo balai_3_bali tercolong jam 2021-12-14 23:03:20.814787
Repo bandung tercolong jam 2021-12-14 23:03:26.710036
Repo balai_3_bali tercolong jam 2021-12-14 23:04:02.989175
Repo regional_kupang tercolong jam 2021-12-14 23:05:19.297968
Repo sanglah tercolong jam 2021-12-14 23:05:19.787978
Repo tangerang tercolong jam 2021-12-14 23:06:41.232306
Repo kepahiang tercolong jam 2021-12-14 23:06:41.504756
Repo balai_3_bali tercolong jam 2021-12-14 23:08:27.407475
Repo balai_3_bali tercolong jam 2021-12-14 23:11:36.378444
Repo kepahiang tercolong jam 2021-12-14 23:12:47.875740
Repo tuntungan tercolong jam 2021-12-14 23:12:48.306012
Repo balai_1_medan tercolong jam 2021-12-14 23:15:09.561567
Repo tapaktuan tercolong jam 2021-12-14 23:17:31.763524
Repo balai_3_bali tercolong jam 2021-12-14 23:19:13.232008
Repo sanglah tercolong jam 2021-12-14 23:20:34.555131
Repo balai_3_bali tercolong jam 2021-12-14 23:22:00.369052
Repo sanglah tercolong jam 2021-12-14 23:22:01.617916
Repo balai_3_bali tercolong jam 2021-12-14 23:23:09.419374
Repo sanglah tercolong jam 2021-12-14 23:25:27.040278
Repo balai_3_bali tercolong jam 2021-12-14 23:27:43.130630
Repo balai_3_bali tercolong jam 2021-12-14 23:29:58.266816
Repo balai_3_bali tercolong jam 2021-12-14 23:33:55.096192
Repo sanglah tercolong jam 2021-12-14 23:36:44.438670
Repo balai_3_bali tercolong jam 2021-12-14 23:37:50.803030
Repo balai_3_bali tercolong jam 2021-12-14 23:44:15.665739
Repo sanglah tercolong jam 2021-12-14 23:46:00.985434
Repo balai_3_bali tercolong jam 2021-12-14 23:46:33.992230
Repo nabire tercolong jam 2021-12-14 23:48:57.113800
Repo balai_3_bali tercolong jam 2021-12-14 23:51:30.165134
Repo balai_3_bali tercolong jam 2021-12-14 23:53:31.310915
Repo sanglah tercolong jam 2021-12-14 23:55:19.739694
Repo balai_3_bali tercolong jam 2021-12-14 23:56:30.833654
Repo balai_3_bali tercolong jam 2021-12-15 00:00:36.112668
Repo mataram tercolong jam 2021-12-15 00:02:22.664785
Repo balai_3_bali tercolong jam 2021-12-15 00:03:30.705380
Repo balai_3_bali tercolong jam 2021-12-15 00:04:42.109267
Repo balai_3_bali tercolong jam 2021-12-15 00:07:02.719170
Repo balai_3_bali tercolong jam 2021-12-15 00:08:11.781809
Repo balai_3_bali tercolong jam 2021-12-15 00:12:45.465777
Repo mataram tercolong jam 2021-12-15 00:12:46.699134
Repo balai_3_bali tercolong jam 2021-12-15 00:16:32.562228
Repo balai_3_bali tercolong jam 2021-12-15 00:20:30.070359
Repo balai_3_bali tercolong jam 2021-12-15 00:21:49.595105
Repo balai_3_bali tercolong jam 2021-12-15 00:23:33.860526
Repo sanglah tercolong jam 2021-12-15 00:25:18.549019
Repo balai_3_bali tercolong jam 2021-12-15 00:25:52.828195
Repo regional_kupang tercolong jam 2021-12-15 00:27:03.227025
Repo sanglah tercolong jam 2021-12-15 00:29:26.317377
Repo balai_3_bali tercolong jam 2021-12-15 00:29:58.936211
Repo balai_3_bali tercolong jam 2021-12-15 00:34:03.591327
Repo balai_3_bali tercolong jam 2021-12-15 00:37:35.601286
Repo kotabumi tercolong jam 2021-12-15 00:37:37.418910
Repo balai_3_bali tercolong jam 2021-12-15 00:39:55.802611
Repo gowa tercolong jam 2021-12-15 00:41:07.402300
Repo balai_3_bali tercolong jam 2021-12-15 00:43:25.321890
Repo balai_3_bali tercolong jam 2021-12-15 00:46:21.381347
Repo balai_3_bali tercolong jam 2021-12-15 00:48:06.672615
Repo balai_3_bali tercolong jam 2021-12-15 00:56:18.061320
Repo balai_3_bali tercolong jam 2021-12-15 01:00:23.251750
Repo balai_3_bali tercolong jam 2021-12-15 01:03:16.886263
Repo sanglah tercolong jam 2021-12-15 01:10:56.296643
Repo balai_3_bali tercolong jam 2021-12-15 01:12:04.164866
Repo balai_3_bali tercolong jam 2021-12-15 01:13:15.587443
Repo kotabumi tercolong jam 2021-12-15 01:15:36.785934
Repo balai_3_bali tercolong jam 2021-12-15 01:16:10.389366
Repo balai_4_makassar tercolong jam 2021-12-15 01:16:44.194107
Repo kotabumi tercolong jam 2021-12-15 01:16:45.975304
Repo kotabumi tercolong jam 2021-12-15 01:17:58.202638
Repo kotabumi tercolong jam 2021-12-15 01:18:32.007267
Repo balai_3_bali tercolong jam 2021-12-15 01:19:05.287568
Repo sanglah tercolong jam 2021-12-15 01:19:06.308566
Repo regional_ambon tercolong jam 2021-12-15 01:19:42.032333
Repo kotabumi tercolong jam 2021-12-15 01:19:43.022002
Repo balai_3_bali tercolong jam 2021-12-15 01:20:16.449359
Repo kotabumi tercolong jam 2021-12-15 01:20:18.327776
Repo gorontalo tercolong jam 2021-12-15 01:20:19.079118
Repo kotabumi tercolong jam 2021-12-15 01:20:52.464054
Repo gowa tercolong jam 2021-12-15 01:22:00.469597
Repo kotabumi tercolong jam 2021-12-15 01:22:00.893762
Repo kotabumi tercolong jam 2021-12-15 01:22:38.078556
Repo sanglah tercolong jam 2021-12-15 01:24:56.911594
Repo balai_3_bali tercolong jam 2021-12-15 01:25:29.463659
Repo balai_3_bali tercolong jam 2021-12-15 01:26:05.079172
Repo sanglah tercolong jam 2021-12-15 01:26:06.836617
Repo balai_2_ciputat tercolong jam 2021-12-15 01:27:14.740132
Repo gowa tercolong jam 2021-12-15 01:27:52.340076
Repo kotabumi tercolong jam 2021-12-15 01:27:52.811502
Repo balai_3_bali tercolong jam 2021-12-15 01:28:27.378433
Repo kotabumi tercolong jam 2021-12-15 01:30:48.145155
Repo kepahiang tercolong jam 2021-12-15 01:30:48.239438
Repo kotabumi tercolong jam 2021-12-15 01:31:23.605650
Repo kotabumi tercolong jam 2021-12-15 01:31:59.484802
Repo tangerang tercolong jam 2021-12-15 01:32:34.436432
Repo balai_3_bali tercolong jam 2021-12-15 01:34:16.374809
Repo gowa tercolong jam 2021-12-15 01:34:18.023522
Repo balai_3_bali tercolong jam 2021-12-15 01:35:25.853660
Repo regional_yogya tercolong jam 2021-12-15 01:35:26.368436
Repo kotabumi tercolong jam 2021-12-15 01:35:27.745956
Repo balai_3_bali tercolong jam 2021-12-15 01:36:35.703874
Repo balai_3_bali tercolong jam 2021-12-15 01:37:47.764774
Repo kotabumi tercolong jam 2021-12-15 01:37:49.863350
Repo balai_2_ciputat tercolong jam 2021-12-15 01:38:31.156055
Repo kotabumi tercolong jam 2021-12-15 01:38:33.077907
Repo kotabumi tercolong jam 2021-12-15 01:39:15.331312
Repo kotabumi tercolong jam 2021-12-15 01:40:08.348563
Repo balai_3_bali tercolong jam 2021-12-15 01:40:42.160025
Repo balai_2_ciputat tercolong jam 2021-12-15 01:40:43.270348
Repo kotabumi tercolong jam 2021-12-15 01:40:44.969345
Repo kotabumi tercolong jam 2021-12-15 01:41:18.835153
Repo kotabumi tercolong jam 2021-12-15 01:41:54.558001
Repo kotabumi tercolong jam 2021-12-15 01:42:30.410677
Repo balai_3_bali tercolong jam 2021-12-15 01:43:02.200968
Repo kotabumi tercolong jam 2021-12-15 01:43:40.708927
Repo kotabumi tercolong jam 2021-12-15 01:44:15.037613
Repo kotabumi tercolong jam 2021-12-15 01:44:49.736859
Repo kotabumi tercolong jam 2021-12-15 01:45:25.298596
Repo balai_4_makassar tercolong jam 2021-12-15 01:45:58.193096
Repo kotabumi tercolong jam 2021-12-15 01:46:35.115068
Repo balai_3_bali tercolong jam 2021-12-15 01:47:08.152965
Repo kotabumi tercolong jam 2021-12-15 01:47:10.067075
Repo kotabumi tercolong jam 2021-12-15 01:47:45.274416
Repo kotabumi tercolong jam 2021-12-15 01:48:20.814080
Repo kotabumi tercolong jam 2021-12-15 01:48:55.761827
Repo balai_3_bali tercolong jam 2021-12-15 01:49:27.509295
Repo kotabumi tercolong jam 2021-12-15 01:50:06.049097
Repo kotabumi tercolong jam 2021-12-15 01:50:39.655801
Repo kotabumi tercolong jam 2021-12-15 01:51:15.488552
Repo kotabumi tercolong jam 2021-12-15 01:51:49.222063
Repo kotabumi tercolong jam 2021-12-15 01:52:25.573322
Repo kotabumi tercolong jam 2021-12-15 01:52:59.190411
Repo kotabumi tercolong jam 2021-12-15 01:53:35.793739
Repo kotabumi tercolong jam 2021-12-15 01:54:10.905629
Repo kotabumi tercolong jam 2021-12-15 01:54:44.403499
Repo kotabumi tercolong jam 2021-12-15 01:55:21.925533
Repo angkasa tercolong jam 2021-12-15 01:55:55.191705
Repo kotabumi tercolong jam 2021-12-15 01:55:55.655025
Repo kotabumi tercolong jam 2021-12-15 01:56:31.034538
Repo kotabumi tercolong jam 2021-12-15 01:57:06.041638
Repo balai_3_bali tercolong jam 2021-12-15 01:57:39.756281
Repo kotabumi tercolong jam 2021-12-15 01:58:17.047259
Repo kotabumi tercolong jam 2021-12-15 01:58:50.578208
Repo kotabumi tercolong jam 2021-12-15 01:59:27.340573
Repo kotabumi tercolong jam 2021-12-15 02:00:00.998069
Repo kotabumi tercolong jam 2021-12-15 02:00:36.520896
Repo kotabumi tercolong jam 2021-12-15 02:01:12.504327
Repo balai_3_bali tercolong jam 2021-12-15 02:04:04.641555
Repo balai_2_ciputat tercolong jam 2021-12-15 02:04:04.739257
Repo kotabumi tercolong jam 2021-12-15 02:04:06.400060
Repo balai_3_bali tercolong jam 2021-12-15 02:07:00.289692
Repo balai_2_ciputat tercolong jam 2021-12-15 02:07:00.796925
Repo kotabumi tercolong jam 2021-12-15 02:07:37.737075
Repo balai_2_ciputat tercolong jam 2021-12-15 02:09:21.611057
Repo kotabumi tercolong jam 2021-12-15 02:09:56.986861
Repo balai_3_bali tercolong jam 2021-12-15 02:11:05.257750
Repo balai_3_bali tercolong jam 2021-12-15 02:12:52.423090
Repo kotabumi tercolong jam 2021-12-15 02:12:54.197134
Repo kotabumi tercolong jam 2021-12-15 02:16:24.080594
Repo kotabumi tercolong jam 2021-12-15 02:18:10.453448
Repo balai_3_bali tercolong jam 2021-12-15 02:18:43.049805
Repo kotabumi tercolong jam 2021-12-15 02:18:44.879484
Repo kotabumi tercolong jam 2021-12-15 02:19:54.842945
Repo nabire tercolong jam 2021-12-15 02:20:31.350899
Repo balai_3_bali tercolong jam 2021-12-15 02:21:38.295680
Repo kotabumi tercolong jam 2021-12-15 02:21:40.121306
Repo kotabumi tercolong jam 2021-12-15 02:22:17.044093
Repo kotabumi tercolong jam 2021-12-15 02:24:36.301821
Repo balai_3_bali tercolong jam 2021-12-15 02:28:03.417871
Repo kotabumi tercolong jam 2021-12-15 02:28:40.694909
Repo kotabumi tercolong jam 2021-12-15 02:29:15.836351
Repo kotabumi tercolong jam 2021-12-15 02:29:51.181928
Repo kotabumi tercolong jam 2021-12-15 02:30:27.012365
Repo kotabumi tercolong jam 2021-12-15 02:31:01.835154
Repo balai_3_bali tercolong jam 2021-12-15 02:31:33.608333
Repo kotabumi tercolong jam 2021-12-15 02:31:35.399349
Repo kotabumi tercolong jam 2021-12-15 02:32:45.025084
Repo kotabumi tercolong jam 2021-12-15 02:33:21.767649
Repo kotabumi tercolong jam 2021-12-15 02:33:58.975331
Repo kotabumi tercolong jam 2021-12-15 02:34:32.640195
Repo kotabumi tercolong jam 2021-12-15 02:35:07.262077
Repo kotabumi tercolong jam 2021-12-15 02:35:41.811261
Repo balai_3_bali tercolong jam 2021-12-15 02:38:00.099739
Repo kotabumi tercolong jam 2021-12-15 02:39:47.256484
Repo balai_3_bali tercolong jam 2021-12-15 02:40:56.406243
Repo balai_3_bali tercolong jam 2021-12-15 02:41:29.996549
Repo waingapu tercolong jam 2021-12-15 02:41:30.900202
Repo kotabumi tercolong jam 2021-12-15 02:43:52.954986
Repo balai_3_bali tercolong jam 2021-12-15 02:44:26.297504
Repo gorontalo tercolong jam 2021-12-15 02:46:49.516800
Repo balai_3_bali tercolong jam 2021-12-15 02:47:56.999113
Repo regional_manado tercolong jam 2021-12-15 02:47:58.433303
Repo regional_manado tercolong jam 2021-12-15 02:50:17.594881
Repo balai_3_bali tercolong jam 2021-12-15 02:50:50.895671
Repo balai_3_bali tercolong jam 2021-12-15 02:53:11.082194
Repo sanglah tercolong jam 2021-12-15 02:56:07.021147
Repo balai_3_bali tercolong jam 2021-12-15 02:57:51.752085
Repo balai_3_bali tercolong jam 2021-12-15 03:07:14.480822
Repo balai_3_bali tercolong jam 2021-12-15 03:11:54.963618
Repo balai_3_bali tercolong jam 2021-12-15 03:20:04.738427
Repo balai_3_bali tercolong jam 2021-12-15 03:23:00.395225
Repo sanglah tercolong jam 2021-12-15 03:24:48.024610
Repo balai_3_bali tercolong jam 2021-12-15 03:25:21.000427
Repo balai_3_bali tercolong jam 2021-12-15 03:27:04.765423
Repo balai_3_bali tercolong jam 2021-12-15 03:28:16.061947
Repo balai_3_bali tercolong jam 2021-12-15 03:29:26.242462
Repo balai_3_bali tercolong jam 2021-12-15 03:30:36.679071
Repo sanglah tercolong jam 2021-12-15 03:30:37.713760
Repo balai_3_bali tercolong jam 2021-12-15 03:33:31.937248
Repo balai_3_bali tercolong jam 2021-12-15 03:35:18.667543
Repo balai_3_bali tercolong jam 2021-12-15 03:38:12.895947
Repo balai_2_ciputat tercolong jam 2021-12-15 03:38:47.592258
Repo sanglah tercolong jam 2021-12-15 03:38:48.604003
Repo waingapu tercolong jam 2021-12-15 03:40:33.597616
Repo kotabumi tercolong jam 2021-12-15 03:41:09.302528
Repo kotabumi tercolong jam 2021-12-15 03:44:39.723739
Repo balai_3_bali tercolong jam 2021-12-15 03:46:22.762436
Repo bandung tercolong jam 2021-12-15 03:46:24.901192
Repo balai_3_bali tercolong jam 2021-12-15 03:48:43.542398
Repo balai_3_bali tercolong jam 2021-12-15 03:49:18.707581
Repo balai_3_bali tercolong jam 2021-12-15 03:53:58.747696
Repo balai_3_bali tercolong jam 2021-12-15 03:57:29.689431
Repo sanglah tercolong jam 2021-12-15 03:59:15.834962
Repo balai_3_bali tercolong jam 2021-12-15 04:03:54.361614
Repo balai_3_bali tercolong jam 2021-12-15 04:06:15.266926
Repo balai_3_bali tercolong jam 2021-12-15 04:14:26.789774
Repo balai_3_bali tercolong jam 2021-12-15 04:17:20.925096
Repo balai_3_bali tercolong jam 2021-12-15 04:23:11.836887
Repo sanglah tercolong jam 2021-12-15 04:25:34.086527
Repo balai_3_bali tercolong jam 2021-12-15 04:30:12.260947
Repo balai_3_bali tercolong jam 2021-12-15 04:31:24.208044
Repo balai_3_bali tercolong jam 2021-12-15 04:33:08.925333
Repo balai_3_bali tercolong jam 2021-12-15 04:33:42.666870
Repo balai_3_bali tercolong jam 2021-12-15 04:36:04.410827
Repo balai_3_bali tercolong jam 2021-12-15 04:37:49.921065
Repo balai_3_bali tercolong jam 2021-12-15 04:38:59.650595
Repo sanglah tercolong jam 2021-12-15 04:40:11.914891
Repo balai_3_bali tercolong jam 2021-12-15 04:41:20.051040
Repo regional_yogya tercolong jam 2021-12-15 04:44:50.775348
Repo balai_3_bali tercolong jam 2021-12-15 04:48:55.615768
Repo balai_3_bali tercolong jam 2021-12-15 04:50:06.148919
Repo sanglah tercolong jam 2021-12-15 04:50:41.037176
Repo sanglah tercolong jam 2021-12-15 04:51:17.263441
Repo tretes tercolong jam 2021-12-15 04:57:44.024254
Repo balai_3_bali tercolong jam 2021-12-15 04:58:52.115970
Repo balai_3_bali tercolong jam 2021-12-15 04:59:27.993790
Repo balai_2_ciputat tercolong jam 2021-12-15 05:00:38.329168
Repo sanglah tercolong jam 2021-12-15 05:00:39.274469
Repo balai_3_bali tercolong jam 2021-12-15 05:03:33.319422
Repo sanglah tercolong jam 2021-12-15 05:03:34.377218
Repo kotabumi tercolong jam 2021-12-15 05:04:09.468260
Repo sanglah tercolong jam 2021-12-15 05:04:42.329838
Repo balai_3_bali tercolong jam 2021-12-15 05:05:16.419511
Repo balai_3_bali tercolong jam 2021-12-15 05:06:28.113033
Repo kotabumi tercolong jam 2021-12-15 05:07:40.279738
Repo balai_3_bali tercolong jam 2021-12-15 05:08:49.107064
Repo balai_2_ciputat tercolong jam 2021-12-15 05:11:08.392915
Repo regional_ambon tercolong jam 2021-12-15 05:12:19.393711
Repo balai_4_makassar tercolong jam 2021-12-15 05:12:53.803873
Repo sanglah tercolong jam 2021-12-15 05:12:54.615878
Repo balai_3_bali tercolong jam 2021-12-15 05:13:28.756404
Repo balai_3_bali tercolong jam 2021-12-15 05:19:19.463302
Repo gowa tercolong jam 2021-12-15 05:22:51.056835
Repo sanglah tercolong jam 2021-12-15 05:29:17.383986
Repo bmkg_pusat tercolong jam 2021-12-15 05:29:50.762646
Repo balai_3_bali tercolong jam 2021-12-15 05:31:00.615030
Repo balai_4_makassar tercolong jam 2021-12-15 05:31:00.799098
Repo sanglah tercolong jam 2021-12-15 05:32:12.579511
Repo bmkg_pusat tercolong jam 2021-12-15 05:33:56.563441
Repo balai_3_bali tercolong jam 2021-12-15 05:33:56.915237
Repo sanglah tercolong jam 2021-12-15 05:34:32.311625
Repo sanglah tercolong jam 2021-12-15 05:35:42.453853
Repo sorong tercolong jam 2021-12-15 05:36:53.765749
Repo balai_3_bali tercolong jam 2021-12-15 05:37:25.447079
Repo sanglah tercolong jam 2021-12-15 05:37:26.407873
Repo balai_3_bali tercolong jam 2021-12-15 05:42:00.822678
Repo sanglah tercolong jam 2021-12-15 05:42:01.800676
Repo balai_3_bali tercolong jam 2021-12-15 05:46:12.247853
Repo sanglah tercolong jam 2021-12-15 05:46:13.277820
Repo balai_3_bali tercolong jam 2021-12-15 05:55:32.969280
Repo sanglah tercolong jam 2021-12-15 05:55:33.961122
Repo sanglah tercolong jam 2021-12-15 05:59:39.898731
Repo regional_ambon tercolong jam 2021-12-15 06:00:49.943349
Repo sanglah tercolong jam 2021-12-15 06:01:23.872556
Repo balai_3_bali tercolong jam 2021-12-15 06:02:34.443456
Repo sanglah tercolong jam 2021-12-15 06:04:19.126031
Repo balai_3_bali tercolong jam 2021-12-15 06:06:39.456979
Repo gowa tercolong jam 2021-12-15 06:06:40.962802
Repo waingapu tercolong jam 2021-12-15 06:07:14.250919
Repo balai_3_bali tercolong jam 2021-12-15 06:15:25.113513
Repo sanglah tercolong jam 2021-12-15 06:16:01.529290
Repo balai_3_bali tercolong jam 2021-12-15 06:17:45.623661
Repo balai_3_bali tercolong jam 2021-12-15 06:19:29.412776
Repo sanglah tercolong jam 2021-12-15 06:20:07.736256
Repo balai_3_bali tercolong jam 2021-12-15 06:21:51.599128
Repo sanglah tercolong jam 2021-12-15 06:21:52.583589
Repo gowa tercolong jam 2021-12-15 06:22:28.243157
Repo waingapu tercolong jam 2021-12-15 06:23:01.571086
Repo balai_2_ciputat tercolong jam 2021-12-15 06:24:12.704581
Repo balai_2_ciputat tercolong jam 2021-12-15 06:25:56.680534
Repo balai_3_bali tercolong jam 2021-12-15 06:27:40.864089
Repo balai_3_bali tercolong jam 2021-12-15 06:30:01.084158
Repo sanglah tercolong jam 2021-12-15 06:30:02.122525
Repo sanglah tercolong jam 2021-12-15 06:34:44.528819
Repo balai_2_ciputat tercolong jam 2021-12-15 06:35:18.250992
Repo balai_2_ciputat tercolong jam 2021-12-15 06:35:53.726162
Repo balai_3_bali tercolong jam 2021-12-15 06:38:13.602952
Repo waingapu tercolong jam 2021-12-15 06:39:23.324302
Repo bandung tercolong jam 2021-12-15 06:41:11.271490
Repo sanglah tercolong jam 2021-12-15 06:46:25.379057
Repo balai_3_bali tercolong jam 2021-12-15 06:46:59.203579
Repo balai_3_bali tercolong jam 2021-12-15 06:50:28.242425
Repo sanglah tercolong jam 2021-12-15 06:51:05.891835
Repo balai_3_bali tercolong jam 2021-12-15 06:56:20.044909
Repo sanglah tercolong jam 2021-12-15 06:58:05.419920
Repo kotabumi tercolong jam 2021-12-15 06:59:18.361065
Repo kotabumi tercolong jam 2021-12-15 07:02:49.514287
Repo kotabumi tercolong jam 2021-12-15 07:09:12.060302
Repo balai_3_bali tercolong jam 2021-12-15 07:09:46.045181
Repo sanglah tercolong jam 2021-12-15 07:12:06.595722
Repo sanglah tercolong jam 2021-12-15 07:14:29.080635
Repo balai_3_bali tercolong jam 2021-12-15 07:15:02.385335
Repo mataram tercolong jam 2021-12-15 07:15:39.190694
Repo sanglah tercolong jam 2021-12-15 07:17:24.472376
Repo balai_3_bali tercolong jam 2021-12-15 07:18:33.213109
Repo mataram tercolong jam 2021-12-15 07:18:34.344879
Repo balai_3_bali tercolong jam 2021-12-15 07:34:18.153461
Repo sanglah tercolong jam 2021-12-15 07:35:29.741140
Repo balai_3_bali tercolong jam 2021-12-15 07:36:40.263983
Repo waingapu tercolong jam 2021-12-15 07:37:16.151961
Repo mataram tercolong jam 2021-12-15 07:37:50.066290
Repo regional_yogya tercolong jam 2021-12-15 07:43:06.032678
Repo balai_3_bali tercolong jam 2021-12-15 07:47:10.639257
Repo sanglah tercolong jam 2021-12-15 07:47:11.933464
Repo tretes tercolong jam 2021-12-15 07:49:32.404210
Repo sanglah tercolong jam 2021-12-15 07:52:28.132926
Repo balai_3_bali tercolong jam 2021-12-15 07:53:36.095419
Repo regional_yogya tercolong jam 2021-12-15 07:54:46.882197
Repo sanglah tercolong jam 2021-12-15 07:54:47.396623
Repo mataram tercolong jam 2021-12-15 07:54:47.540352
Repo balai_3_bali tercolong jam 2021-12-15 07:55:21.658326
Repo sanglah tercolong jam 2021-12-15 07:56:33.626427
Repo mataram tercolong jam 2021-12-15 07:56:33.724051
Repo sanglah tercolong jam 2021-12-15 07:57:08.529126
Repo mataram tercolong jam 2021-12-15 08:00:03.921134
Repo balai_4_makassar tercolong jam 2021-12-15 08:02:23.490539
Repo sanglah tercolong jam 2021-12-15 08:02:24.297777
Repo bandung tercolong jam 2021-12-15 08:07:39.677115
Repo regional_yogya tercolong jam 2021-12-15 08:08:13.716231
Repo balai_3_bali tercolong jam 2021-12-15 08:08:48.990043
Repo balai_2_ciputat tercolong jam 2021-12-15 08:09:22.803781
Repo regional_ambon tercolong jam 2021-12-15 08:10:00.338447
Repo waingapu tercolong jam 2021-12-15 08:10:34.550348
Repo mataram tercolong jam 2021-12-15 08:10:34.783401
Repo mataram tercolong jam 2021-12-15 08:11:08.537797
Repo gowa tercolong jam 2021-12-15 08:11:08.727032
Repo sanglah tercolong jam 2021-12-15 08:11:45.148767
Repo gowa tercolong jam 2021-12-15 08:12:22.529667
Repo balai_3_bali tercolong jam 2021-12-15 08:12:54.896078
Repo tangerang tercolong jam 2021-12-15 08:12:56.636727
Repo balai_2_ciputat tercolong jam 2021-12-15 08:15:14.095740
Repo balai_2_ciputat tercolong jam 2021-12-15 08:17:11.912251
Repo tretes tercolong jam 2021-12-15 08:18:00.550343
Repo bandung tercolong jam 2021-12-15 08:18:46.315022
Repo balai_3_bali tercolong jam 2021-12-15 08:27:29.900918
Repo sanglah tercolong jam 2021-12-15 08:28:41.790885
Repo sanglah tercolong jam 2021-12-15 08:29:17.578885
Repo mataram tercolong jam 2021-12-15 08:29:52.133407
Repo balai_2_ciputat tercolong jam 2021-12-15 08:30:24.731531
Repo regional_kupang tercolong jam 2021-12-15 08:30:25.199052
Repo regional_kupang tercolong jam 2021-12-15 08:32:11.559694
Repo bandung tercolong jam 2021-12-15 08:32:12.841206
Repo balai_3_bali tercolong jam 2021-12-15 08:32:46.632901
Repo kotabumi tercolong jam 2021-12-15 08:32:49.377722
Repo sanglah tercolong jam 2021-12-15 08:34:01.222931
Repo alor tercolong jam 2021-12-15 08:35:08.858146
Repo tangerang tercolong jam 2021-12-15 08:36:16.357020
Repo balai_3_bali tercolong jam 2021-12-15 08:38:29.019142
Repo kotabumi tercolong jam 2021-12-15 08:38:30.895631
Repo kotabumi tercolong jam 2021-12-15 08:40:11.966024
Repo alor tercolong jam 2021-12-15 08:41:19.691677
Repo kotabumi tercolong jam 2021-12-15 08:43:33.940910
Repo balai_3_bali tercolong jam 2021-12-15 08:44:39.315288
Repo kotabumi tercolong jam 2021-12-15 08:48:02.860534
Repo balai_3_bali tercolong jam 2021-12-15 08:53:02.750285
Repo regional_ambon tercolong jam 2021-12-15 08:54:44.151086
Repo balai_3_bali tercolong jam 2021-12-15 08:55:50.614686
Repo mataram tercolong jam 2021-12-15 08:56:25.266673
Repo sanglah tercolong jam 2021-12-15 08:57:33.281619
Repo balai_3_bali tercolong jam 2021-12-15 09:00:20.179274
Repo sanglah tercolong jam 2021-12-15 09:03:43.815892
Repo regional_ambon tercolong jam 2021-12-15 09:04:17.243539
Repo balai_3_bali tercolong jam 2021-12-15 09:05:23.606787
Repo mataram tercolong jam 2021-12-15 09:07:05.374566
Repo mataram tercolong jam 2021-12-15 09:08:45.849083
Repo regional_ambon tercolong jam 2021-12-15 09:12:40.284336
Repo sorong tercolong jam 2021-12-15 09:13:14.991995
Repo sanglah tercolong jam 2021-12-15 09:14:54.893414
Repo balai_3_bali tercolong jam 2021-12-15 09:16:34.992015
Repo balai_3_bali tercolong jam 2021-12-15 09:17:42.009252
Repo sanglah tercolong jam 2021-12-15 09:18:50.096119
Repo mataram tercolong jam 2021-12-15 09:18:50.194260
Repo balai_3_bali tercolong jam 2021-12-15 09:19:22.652706
Repo waingapu tercolong jam 2021-12-15 09:19:23.560610
Repo mataram tercolong jam 2021-12-15 09:20:32.760334
Repo balai_3_bali tercolong jam 2021-12-15 09:22:45.869727
Repo sanglah tercolong jam 2021-12-15 09:24:27.509910
Repo mataram tercolong jam 2021-12-15 09:24:27.604565
Repo balai_3_bali tercolong jam 2021-12-15 09:25:00.109971
Repo sorong tercolong jam 2021-12-15 09:25:35.810747
Repo balai_3_bali tercolong jam 2021-12-15 09:28:21.491386
Repo alor tercolong jam 2021-12-15 09:28:22.979444
Repo balai_3_bali tercolong jam 2021-12-15 09:30:02.225228
Repo sanglah tercolong jam 2021-12-15 09:30:36.819915
Repo balai_3_bali tercolong jam 2021-12-15 09:31:09.396939
Repo balai_3_bali tercolong jam 2021-12-15 09:32:50.133645
Repo mataram tercolong jam 2021-12-15 09:32:51.216007
Repo alor tercolong jam 2021-12-15 09:32:51.639646
Repo sanglah tercolong jam 2021-12-15 09:33:24.709907
Repo waingapu tercolong jam 2021-12-15 09:35:06.502213
Repo balai_3_bali tercolong jam 2021-12-15 09:35:39.170807
Repo regional_kupang tercolong jam 2021-12-15 09:35:39.749750
Repo balai_3_bali tercolong jam 2021-12-15 09:37:19.879861
Repo mataram tercolong jam 2021-12-15 09:37:21.027169
Repo balai_3_bali tercolong jam 2021-12-15 09:37:53.518115
Repo waingapu tercolong jam 2021-12-15 09:37:54.415878
Repo sanglah tercolong jam 2021-12-15 09:37:54.512772
Repo alor tercolong jam 2021-12-15 09:38:28.673273
Repo balai_3_bali tercolong jam 2021-12-15 09:41:24.465823
Repo balai_3_bali tercolong jam 2021-12-15 09:43:38.697727
Repo balai_3_bali tercolong jam 2021-12-15 09:47:00.535617
Repo balai_3_bali tercolong jam 2021-12-15 09:52:03.993403
Repo waingapu tercolong jam 2021-12-15 09:53:12.300819
Repo balai_3_bali tercolong jam 2021-12-15 09:53:45.062918
Repo sanglah tercolong jam 2021-12-15 09:53:46.059503
Repo balai_3_bali tercolong jam 2021-12-15 09:54:52.253165
Repo mataram tercolong jam 2021-12-15 09:59:57.356934
Repo balai_3_bali tercolong jam 2021-12-15 10:01:04.848155
Repo gowa tercolong jam 2021-12-15 10:06:18.225759
Repo balai_3_bali tercolong jam 2021-12-15 10:06:50.985486
Repo balai_2_ciputat tercolong jam 2021-12-15 10:07:27.800963
Repo mataram tercolong jam 2021-12-15 10:08:04.795312
Repo sanglah tercolong jam 2021-12-15 10:08:43.742772
Repo kotabumi tercolong jam 2021-12-15 10:09:21.042688
Repo bandung tercolong jam 2021-12-15 10:09:22.272077
Repo kepahiang tercolong jam 2021-12-15 10:10:34.298395
Repo balai_4_makassar tercolong jam 2021-12-15 10:18:04.161486
Repo kotabumi tercolong jam 2021-12-15 10:18:13.391721
Repo balai_3_bali tercolong jam 2021-12-15 10:18:45.965232
Repo bmkg_pusat tercolong jam 2021-12-15 10:20:52.711730
Repo balai_3_bali tercolong jam 2021-12-15 10:20:53.015789
Repo sanglah tercolong jam 2021-12-15 10:20:55.422727
Repo waingapu tercolong jam 2021-12-15 10:22:10.029212
Repo tangerang tercolong jam 2021-12-15 10:22:44.745590
Repo sanglah tercolong jam 2021-12-15 10:23:19.181264
Repo mataram tercolong jam 2021-12-15 10:23:19.302315
Repo bandung tercolong jam 2021-12-15 10:23:21.566975
Repo balai_3_bali tercolong jam 2021-12-15 10:25:37.127172
Repo balai_3_bali tercolong jam 2021-12-15 10:30:50.314990
Repo bmkg_pusat tercolong jam 2021-12-15 10:31:24.504989
Repo regional_padang tercolong jam 2021-12-15 10:32:32.907882
Repo sanglah tercolong jam 2021-12-15 10:33:07.187828
Repo balai_1_medan tercolong jam 2021-12-15 10:33:39.993389
Repo balai_3_bali tercolong jam 2021-12-15 10:34:13.931541
Repo sanglah tercolong jam 2021-12-15 10:34:48.762867
Repo bmkg_pusat tercolong jam 2021-12-15 10:35:21.301936
Repo balai_3_bali tercolong jam 2021-12-15 10:35:55.539145
Repo balai_4_makassar tercolong jam 2021-12-15 10:37:03.766221
Repo kepahiang tercolong jam 2021-12-15 10:38:47.304479
Repo balai_3_bali tercolong jam 2021-12-15 10:40:26.942322
Repo sanglah tercolong jam 2021-12-15 10:40:28.091697
Repo bandung tercolong jam 2021-12-15 10:40:29.078371
Repo alor tercolong jam 2021-12-15 10:41:05.622380
Repo kotabumi tercolong jam 2021-12-15 10:41:05.867244
Repo balai_3_bali tercolong jam 2021-12-15 10:41:38.057955
Repo balai_2_ciputat tercolong jam 2021-12-15 10:43:52.840636
Repo balai_3_bali tercolong jam 2021-12-15 10:44:26.397096
Repo balai_3_bali tercolong jam 2021-12-15 10:45:34.181317
Repo alor tercolong jam 2021-12-15 10:45:35.741422
Repo sanglah tercolong jam 2021-12-15 10:46:08.878776
Repo sanglah tercolong jam 2021-12-15 10:47:16.308526
Repo balai_3_bali tercolong jam 2021-12-15 10:47:48.863890
Repo bmkg_pusat tercolong jam 2021-12-15 10:48:22.611687
Repo sanglah tercolong jam 2021-12-15 10:48:24.025618
Repo mataram tercolong jam 2021-12-15 10:48:24.137326
Repo balai_3_bali tercolong jam 2021-12-15 10:49:31.084705
Repo regional_manado tercolong jam 2021-12-15 10:50:45.040934
Repo alor tercolong jam 2021-12-15 10:50:46.885897
Repo gorontalo tercolong jam 2021-12-15 10:50:49.633465
Repo balai_3_bali tercolong jam 2021-12-15 10:51:21.796342
Repo tangerang tercolong jam 2021-12-15 10:53:11.321114
Repo regional_ambon tercolong jam 2021-12-15 10:53:45.948534
Repo balai_3_bali tercolong jam 2021-12-15 10:54:26.065155
Repo sanglah tercolong jam 2021-12-15 10:54:27.297185
Repo alor tercolong jam 2021-12-15 10:54:27.830587
Repo bmkg_pusat tercolong jam 2021-12-15 10:55:02.822544
Repo ternate tercolong jam 2021-12-15 10:55:46.466919
Repo balai_3_bali tercolong jam 2021-12-15 11:00:28.219524
Repo balai_3_bali tercolong jam 2021-12-15 11:02:29.690107
Repo waingapu tercolong jam 2021-12-15 11:02:38.343146
Repo balai_3_bali tercolong jam 2021-12-15 11:03:14.814679
Repo mataram tercolong jam 2021-12-15 11:03:23.016619
Repo waingapu tercolong jam 2021-12-15 11:04:03.287371
Repo sanglah tercolong jam 2021-12-15 11:04:51.739896
Repo balai_3_bali tercolong jam 2021-12-15 11:07:54.964106
Repo balai_3_bali tercolong jam 2021-12-15 11:10:15.089241
Repo alor tercolong jam 2021-12-15 11:11:36.971242
Repo sanglah tercolong jam 2021-12-15 11:13:06.699517
Repo mataram tercolong jam 2021-12-15 11:13:08.414590
Repo balai_3_bali tercolong jam 2021-12-15 11:13:52.388188
Repo sanglah tercolong jam 2021-12-15 11:13:56.954864
Repo waingapu tercolong jam 2021-12-15 11:14:31.922195
Repo balai_3_bali tercolong jam 2021-12-15 11:15:48.188317
Repo sanglah tercolong jam 2021-12-15 11:15:51.854761
Repo regional_kupang tercolong jam 2021-12-15 11:16:28.827030
Repo regional_kupang tercolong jam 2021-12-15 11:17:09.022421
Repo mataram tercolong jam 2021-12-15 11:17:10.945192
Repo alor tercolong jam 2021-12-15 11:17:51.307244
Repo regional_ambon tercolong jam 2021-12-15 11:22:53.657572
Repo regional_ambon tercolong jam 2021-12-15 11:26:04.243188
Repo balai_3_bali tercolong jam 2021-12-15 11:27:12.251974
Repo sanglah tercolong jam 2021-12-15 11:29:32.862475
Repo mataram tercolong jam 2021-12-15 11:31:20.828473
Repo balai_3_bali tercolong jam 2021-12-15 11:34:46.175493
Repo alor tercolong jam 2021-12-15 11:34:48.221633
Repo balai_3_bali tercolong jam 2021-12-15 11:36:44.285248
Repo mataram tercolong jam 2021-12-15 11:36:45.827814
Repo balai_3_bali tercolong jam 2021-12-15 11:37:58.360055
Repo sanglah tercolong jam 2021-12-15 11:39:43.635029
Repo balai_3_bali tercolong jam 2021-12-15 11:46:45.155676
Repo balai_3_bali tercolong jam 2021-12-15 11:55:11.172228
Repo bmkg_pusat tercolong jam 2021-12-15 11:55:48.577115
Repo sanglah tercolong jam 2021-12-15 11:55:51.066186
Repo balai_3_bali tercolong jam 2021-12-15 11:58:01.010222
Repo alor tercolong jam 2021-12-15 11:58:04.022384
Repo alor tercolong jam 2021-12-15 11:58:44.695945
Repo balai_3_bali tercolong jam 2021-12-15 11:59:32.698303
Repo gowa tercolong jam 2021-12-15 11:59:36.033473
Repo regional_kupang tercolong jam 2021-12-15 12:03:09.065715
Repo balai_4_makassar tercolong jam 2021-12-15 12:03:46.246744
Repo balai_3_bali tercolong jam 2021-12-15 12:06:11.694937
Repo sanglah tercolong jam 2021-12-15 12:08:12.157533
Repo balai_3_bali tercolong jam 2021-12-15 12:08:46.364595
Repo balai_3_bali tercolong jam 2021-12-15 12:12:38.334772
Repo balai_3_bali tercolong jam 2021-12-15 12:14:24.123577
Repo mataram tercolong jam 2021-12-15 12:15:05.104433
Repo balai_3_bali tercolong jam 2021-12-15 12:15:40.847361
Repo regional_kupang tercolong jam 2021-12-15 12:15:42.140708
Repo regional_kupang tercolong jam 2021-12-15 12:16:26.945843
Repo sanglah tercolong jam 2021-12-15 12:17:53.639137
Repo alor tercolong jam 2021-12-15 12:17:54.267785
Repo balai_3_bali tercolong jam 2021-12-15 12:18:33.655607
Repo gowa tercolong jam 2021-12-15 12:19:25.129942
Repo balai_3_bali tercolong jam 2021-12-15 12:24:55.041554
Repo balai_3_bali tercolong jam 2021-12-15 12:26:50.449464
Repo balai_3_bali tercolong jam 2021-12-15 12:28:23.029422
Repo sanglah tercolong jam 2021-12-15 12:28:24.233618
Repo balai_3_bali tercolong jam 2021-12-15 12:32:08.796283
Repo sanglah tercolong jam 2021-12-15 12:33:24.768773
Repo balai_3_bali tercolong jam 2021-12-15 12:35:19.842371
Repo gowa tercolong jam 2021-12-15 12:42:17.694015
Repo gorontalo tercolong jam 2021-12-15 12:42:38.663963
Repo balai_3_bali tercolong jam 2021-12-15 12:47:19.239208
Repo sanglah tercolong jam 2021-12-15 12:48:03.925777
Repo sanglah tercolong jam 2021-12-15 12:49:51.574973
Repo balai_3_bali tercolong jam 2021-12-15 12:51:10.462868
Repo sanglah tercolong jam 2021-12-15 12:51:12.812053
Repo regional_kupang tercolong jam 2021-12-15 12:52:31.211533
Repo sanglah tercolong jam 2021-12-15 12:52:33.032355
Repo balai_3_bali tercolong jam 2021-12-15 12:53:22.434253
Repo regional_kupang tercolong jam 2021-12-15 12:53:23.191028
Repo bmkg_pusat tercolong jam 2021-12-15 12:53:57.922180
Repo waingapu tercolong jam 2021-12-15 12:54:02.425051
Repo gowa tercolong jam 2021-12-15 12:54:03.967774
Repo mataram tercolong jam 2021-12-15 12:54:43.407242
Repo balai_4_makassar tercolong jam 2021-12-15 12:55:18.446186
Repo regional_kupang tercolong jam 2021-12-15 12:56:05.653173
Repo bmkg_pusat tercolong jam 2021-12-15 12:56:42.919970
Repo regional_kupang tercolong jam 2021-12-15 12:56:44.258390
Repo bmkg_pusat tercolong jam 2021-12-15 12:57:24.129611
Repo mataram tercolong jam 2021-12-15 12:58:10.965172
Repo balai_4_makassar tercolong jam 2021-12-15 12:58:44.687178
Repo balai_3_bali tercolong jam 2021-12-15 12:59:30.486490
Repo sanglah tercolong jam 2021-12-15 13:00:19.917079
Repo alor tercolong jam 2021-12-15 13:01:18.336430
Repo balai_3_bali tercolong jam 2021-12-15 13:04:14.210324
Repo regional_kupang tercolong jam 2021-12-15 13:06:05.044516
Repo sanglah tercolong jam 2021-12-15 13:09:29.131415
Repo balai_3_bali tercolong jam 2021-12-15 13:11:33.299991
Repo regional_ambon tercolong jam 2021-12-15 13:15:05.791159
Repo balai_3_bali tercolong jam 2021-12-15 13:18:00.994366
Repo regional_kupang tercolong jam 2021-12-15 13:20:57.526638
Repo balai_3_bali tercolong jam 2021-12-15 13:21:50.169572
Repo regional_kupang tercolong jam 2021-12-15 13:22:33.458796
Repo regional_kupang tercolong jam 2021-12-15 13:23:53.037918
Repo balai_3_bali tercolong jam 2021-12-15 13:26:42.558907
Repo balai_3_bali tercolong jam 2021-12-15 13:29:56.733211
Repo sanglah tercolong jam 2021-12-15 13:33:21.349558
Repo balai_3_bali tercolong jam 2021-12-15 13:45:41.410126
Repo balai_3_bali tercolong jam 2021-12-15 13:51:15.533056
Repo balai_3_bali tercolong jam 2021-12-15 13:53:51.392355
Repo sanglah tercolong jam 2021-12-15 13:53:55.693725
Repo balai_3_bali tercolong jam 2021-12-15 13:55:07.306021
Repo regional_kupang tercolong jam 2021-12-15 13:56:32.539649
Repo regional_yogya tercolong jam 2021-12-15 13:59:19.301353
Repo balai_3_bali tercolong jam 2021-12-15 13:59:56.218617
Repo balai_3_bali tercolong jam 2021-12-15 14:01:59.632138
Repo balai_3_bali tercolong jam 2021-12-15 14:03:37.919809
Repo tapaktuan tercolong jam 2021-12-15 14:13:40.669587
Repo balai_3_bali tercolong jam 2021-12-15 14:16:58.568339
Repo sanglah tercolong jam 2021-12-15 14:18:15.794981
Repo aceh tercolong jam 2021-12-15 14:18:18.173882
Repo balai_1_medan tercolong jam 2021-12-15 14:18:51.655662
Repo balai_3_bali tercolong jam 2021-12-15 14:21:41.262991
Repo tuntungan tercolong jam 2021-12-15 14:22:50.954638
Repo balai_3_bali tercolong jam 2021-12-15 14:34:30.706447
Repo sanglah tercolong jam 2021-12-15 14:34:32.767505
Repo balai_3_bali tercolong jam 2021-12-15 14:35:11.630500
Repo sanglah tercolong jam 2021-12-15 14:35:28.488123
Repo balai_3_bali tercolong jam 2021-12-15 14:38:45.104189
Repo balai_3_bali tercolong jam 2021-12-15 14:39:31.342433
Repo balai_3_bali tercolong jam 2021-12-15 14:41:57.585082
Repo regional_kupang tercolong jam 2021-12-15 14:45:04.478253
Repo regional_kupang tercolong jam 2021-12-15 14:45:54.373518
Repo sanglah tercolong jam 2021-12-15 14:50:15.985661
Repo sanglah tercolong jam 2021-12-15 14:52:04.600357
Repo balai_3_bali tercolong jam 2021-12-15 14:53:44.919210
Repo regional_kupang tercolong jam 2021-12-15 14:53:45.682769
Repo mataram tercolong jam 2021-12-15 14:53:48.836308
Repo alor tercolong jam 2021-12-15 14:54:43.264923
Repo balai_3_bali tercolong jam 2021-12-15 14:56:19.891657
Repo gowa tercolong jam 2021-12-15 15:06:52.992246
Repo balai_3_bali tercolong jam 2021-12-15 15:08:45.497956
Repo sanglah tercolong jam 2021-12-15 15:09:36.160113
Repo sanglah tercolong jam 2021-12-15 15:11:56.607748
Repo balai_3_bali tercolong jam 2021-12-15 15:12:35.526765
Repo mataram tercolong jam 2021-12-15 15:13:50.951410
Repo sanglah tercolong jam 2021-12-15 15:14:35.250015
Repo balai_3_bali tercolong jam 2021-12-15 15:15:38.288289
Repo alor tercolong jam 2021-12-15 15:17:47.776083
Repo balai_3_bali tercolong jam 2021-12-15 15:29:06.815400
Repo regional_ambon tercolong jam 2021-12-15 15:30:24.503237
Repo balai_3_bali tercolong jam 2021-12-15 15:35:08.019165
Repo sanglah tercolong jam 2021-12-15 15:35:52.478469
Repo mataram tercolong jam 2021-12-15 15:35:52.586931
Repo balai_3_bali tercolong jam 2021-12-15 15:37:45.436924
Repo sanglah tercolong jam 2021-12-15 15:38:27.261217
Repo balai_3_bali tercolong jam 2021-12-15 15:39:42.631253
Repo mataram tercolong jam 2021-12-15 15:40:32.302489
Repo balai_3_bali tercolong jam 2021-12-15 15:45:19.535411
Repo mataram tercolong jam 2021-12-15 15:46:12.092413
Repo bmkg_pusat tercolong jam 2021-12-15 21:42:56.481993
Repo balai_1_medan tercolong jam 2021-12-15 21:42:56.636781
Repo balai_3_bali tercolong jam 2021-12-15 21:42:57.252550
Repo balai_4_makassar tercolong jam 2021-12-15 21:42:58.500824
Repo regional_kupang tercolong jam 2021-12-15 21:42:59.660891
Repo regional_manado tercolong jam 2021-12-15 21:43:00.411377
Repo waingapu tercolong jam 2021-12-15 21:43:35.330121
Repo sanglah tercolong jam 2021-12-15 21:43:35.452070
Repo mataram tercolong jam 2021-12-15 21:43:35.840964
Repo gowa tercolong jam 2021-12-15 21:43:36.963355
Repo alor tercolong jam 2021-12-15 21:43:43.896966
Repo aceh tercolong jam 2021-12-15 21:43:53.533690
Repo tuntungan tercolong jam 2021-12-15 21:43:53.636788
Repo tapaktuan tercolong jam 2021-12-15 21:43:53.788595
Repo gsitoli tercolong jam 2021-12-15 21:44:38.515982
Repo regional_ambon tercolong jam 2021-12-15 21:47:12.566466
Repo balai_3_bali tercolong jam 2021-12-15 21:56:23.906236
Repo regional_kupang tercolong jam 2021-12-15 21:56:42.238739
Repo sanglah tercolong jam 2021-12-15 21:56:52.219192
Repo balai_3_bali tercolong jam 2021-12-15 21:58:26.908029
Repo regional_kupang tercolong jam 2021-12-15 21:58:31.950237
Repo bmkg_pusat tercolong jam 2021-12-16 04:48:28.848941
Repo balai_3_bali tercolong jam 2021-12-16 04:48:32.112981
Repo balai_4_makassar tercolong jam 2021-12-16 04:48:32.742311
Repo regional_kupang tercolong jam 2021-12-16 04:48:33.151854
Repo regional_manado tercolong jam 2021-12-16 04:48:33.289898
Repo regional_ambon tercolong jam 2021-12-16 04:48:33.382189
Repo waingapu tercolong jam 2021-12-16 04:48:33.517556
Repo sanglah tercolong jam 2021-12-16 04:48:33.661353
Repo mataram tercolong jam 2021-12-16 04:48:33.851180
Repo gowa tercolong jam 2021-12-16 04:48:34.076246
Repo angkasa tercolong jam 2021-12-16 04:48:34.170149
Repo kotabumi tercolong jam 2021-12-16 04:48:34.624147
Repo aceh tercolong jam 2021-12-16 04:48:34.983382
Repo tuntungan tercolong jam 2021-12-16 04:48:35.079630
Repo tapaktuan tercolong jam 2021-12-16 04:48:35.175603
Repo balai_4_makassar tercolong jam 2021-12-16 04:54:22.403426
Repo gowa tercolong jam 2021-12-16 05:02:36.718221
Repo balai_3_bali tercolong jam 2021-12-16 05:03:10.431569
Repo balai_3_bali tercolong jam 2021-12-16 05:05:29.816798
Repo balai_3_bali tercolong jam 2021-12-16 05:09:35.855532
Repo balai_4_makassar tercolong jam 2021-12-16 05:11:21.237808
Repo balai_3_bali tercolong jam 2021-12-16 05:12:30.620820
Repo regional_ambon tercolong jam 2021-12-16 05:13:05.825549
Repo balai_4_makassar tercolong jam 2021-12-16 05:15:27.857326
Repo sorong tercolong jam 2021-12-16 05:16:37.923509
Repo balai_3_bali tercolong jam 2021-12-16 05:18:55.613764
Repo balai_3_bali tercolong jam 2021-12-16 05:24:11.633441
Repo balai_3_bali tercolong jam 2021-12-16 05:25:56.410388
Repo balai_3_bali tercolong jam 2021-12-16 05:27:08.688773
Repo balai_3_bali tercolong jam 2021-12-16 05:30:38.611503
Repo balai_3_bali tercolong jam 2021-12-16 05:31:49.227257
Repo balai_3_bali tercolong jam 2021-12-16 05:34:07.584020
Repo balai_4_makassar tercolong jam 2021-12-16 05:34:44.990280
Repo balai_3_bali tercolong jam 2021-12-16 05:35:52.990598
Repo balai_3_bali tercolong jam 2021-12-16 05:39:24.796922
Repo balai_3_bali tercolong jam 2021-12-16 05:44:39.761662
Repo balai_4_makassar tercolong jam 2021-12-16 05:45:15.548821
Repo balai_3_bali tercolong jam 2021-12-16 05:47:00.447473
Repo balai_4_makassar tercolong jam 2021-12-16 05:53:27.315278
Repo balai_3_bali tercolong jam 2021-12-16 06:01:37.443767
Repo regional_kupang tercolong jam 2021-12-16 06:10:59.430333
Repo balai_3_bali tercolong jam 2021-12-16 06:13:32.209881
Repo balai_3_bali tercolong jam 2021-12-16 06:14:59.246183
Repo balai_3_bali tercolong jam 2021-12-16 06:22:53.381997
Repo sanglah tercolong jam 2021-12-16 06:23:45.143026
Repo balai_3_bali tercolong jam 2021-12-16 06:27:32.860362
Repo sanglah tercolong jam 2021-12-16 06:28:04.571264
Repo bmkg_pusat tercolong jam 2021-12-16 06:29:16.165231
Repo balai_3_bali tercolong jam 2021-12-16 06:29:17.557747
Repo waingapu tercolong jam 2021-12-16 06:29:22.792601
Repo gowa tercolong jam 2021-12-16 06:29:25.394470
Repo balai_3_bali tercolong jam 2021-12-16 06:38:42.700253
Repo balai_3_bali tercolong jam 2021-12-16 06:43:20.305351
Repo balai_3_bali tercolong jam 2021-12-16 06:45:21.519790
Repo balai_3_bali tercolong jam 2021-12-16 06:46:34.165003
Repo balai_3_bali tercolong jam 2021-12-16 06:48:36.710976
Repo sanglah tercolong jam 2021-12-16 06:49:19.927401